#! /usr/local/bin/vvp
:ivl_version "11.0 (stable)" "(v11_0-132-gb2f2414f4)";
:ivl_delay_selection "TYPICAL";
:vpi_time_precision - 12;
:vpi_module "/usr/local/lib/ivl/system.vpi";
:vpi_module "/usr/local/lib/ivl/vhdl_sys.vpi";
:vpi_module "/usr/local/lib/ivl/vhdl_textio.vpi";
:vpi_module "/usr/local/lib/ivl/v2005_math.vpi";
:vpi_module "/usr/local/lib/ivl/va_math.vpi";
:vpi_module "/usr/local/lib/ivl/v2009.vpi";
S_0x556107983480 .scope package, "$unit" "$unit" 2 1;
 .timescale 0 0;
S_0x556107983610 .scope module, "top" "top" 3 14;
 .timescale -9 -12;
P_0x5561079837a0 .param/l "BAUD_RATE_DIVISOR" 1 3 21, +C4<00000000000000000000110100000101>;
v0x5561079b4c50_0 .var "clk", 0 0;
v0x5561079b4d10_0 .var/2s "clk_count", 31 0;
v0x5561079b4dd0_0 .var "hardware_clk", 0 0;
v0x5561079b4ed0_0 .net "result", 7 0, v0x5561079b47b0_0;  1 drivers
v0x5561079b4fc0_0 .var "rst", 0 0;
v0x5561079b5100_0 .net "rx", 0 0, v0x5561079b4070_0;  1 drivers
S_0x5561079481d0 .scope module, "TB" "uart_reciever8tb" 3 37, 4 10 0, S_0x556107983610;
 .timescale -9 -12;
    .port_info 0 /INPUT 1 "rst";
    .port_info 1 /INPUT 1 "clk";
    .port_info 2 /OUTPUT 1 "rx";
    .port_info 3 /INPUT 8 "result";
v0x5561079b3d30_0 .net "clk", 0 0, v0x5561079b4c50_0;  1 drivers
v0x5561079b3e10_0 .var/2u "message", 7 0;
v0x5561079b3ef0_0 .net "result", 7 0, v0x5561079b47b0_0;  alias, 1 drivers
v0x5561079b3fb0_0 .net "rst", 0 0, v0x5561079b4fc0_0;  1 drivers
v0x5561079b4070_0 .var "rx", 0 0;
S_0x5561079483b0 .scope begin, "$ivl_for_loop0" "$ivl_for_loop0" 4 24, 4 24 0, S_0x5561079481d0;
 .timescale -9 -12;
v0x556107990770_0 .var/2s "i", 7 0;
E_0x55610798abc0 .event edge, v0x5561079b3d30_0;
S_0x5561079b4200 .scope module, "dut" "uart_reciever8" 3 38, 5 9 0, S_0x556107983610;
 .timescale -9 -12;
    .port_info 0 /INPUT 1 "rst";
    .port_info 1 /INPUT 1 "hardware_clk";
    .port_info 2 /INPUT 1 "rx";
    .port_info 3 /OUTPUT 8 "result";
P_0x5561079866c0 .param/l "BAUD_RATE_DIVISOR" 1 5 21, +C4<00000000000000000000110100000101>;
P_0x556107986700 .param/l "BITS_TRANSFERED" 1 5 16, +C4<00000000000000000000000000001000>;
enum0x556107949cf0 .enum4 (1)
   "IDLE" 1'b0,
   "RECEIVING" 1'b1
 ;
v0x5561079b4500_0 .var "current_state", 0 0;
v0x5561079b4600_0 .net "hardware_clk", 0 0, v0x5561079b4dd0_0;  1 drivers
v0x5561079b46c0_0 .var/2s "received_bit", 31 0;
v0x5561079b47b0_0 .var "result", 7 0;
v0x5561079b48a0_0 .net "rst", 0 0, v0x5561079b4fc0_0;  alias, 1 drivers
v0x5561079b4990_0 .net "rx", 0 0, v0x5561079b4070_0;  alias, 1 drivers
v0x5561079b4a60_0 .var "uart_clk", 0 0;
v0x5561079b4b00_0 .var/2s "uart_clk_count", 31 0;
E_0x55610798a520 .event posedge, v0x5561079b3fb0_0, v0x5561079b4a60_0;
E_0x55610798a8e0 .event posedge, v0x5561079b4600_0;
    .scope S_0x5561079481d0;
T_0 ;
    %pushi/vec4 204, 0, 8;
    %store/vec4 v0x5561079b3e10_0, 0, 8;
    %end;
    .thread T_0, $init;
    .scope S_0x5561079481d0;
T_1 ;
    %vpi_call/w 4 20 "$monitor", $time, "Reciever State = %s, rx = %b, result = %b", v0x5561079b4500_0, v0x5561079b4070_0, v0x5561079b3ef0_0 {0 0 0};
    %pushi/vec4 1, 0, 1;
    %store/vec4 v0x5561079b4070_0, 0, 1;
    %fork t_1, S_0x5561079483b0;
    %jmp t_0;
    .scope S_0x5561079483b0;
t_1 ;
    %pushi/vec4 0, 0, 8;
    %store/vec4 v0x556107990770_0, 0, 8;
T_1.0 ;
    %load/vec4 v0x556107990770_0;
    %pad/s 32;
    %cmpi/s 8, 0, 32;
    %jmp/0xz T_1.1, 5;
    %wait E_0x55610798abc0;
    %load/vec4 v0x5561079b3e10_0;
    %load/vec4 v0x556107990770_0;
    %part/s 1;
    %store/vec4 v0x5561079b4070_0, 0, 1;
    ; show_stmt_assign_vector: Get l-value for compressed += operand
    %load/vec4 v0x556107990770_0;
    %pushi/vec4 1, 0, 8;
    %add;
    %cast2;
    %store/vec4 v0x556107990770_0, 0, 8;
    %jmp T_1.0;
T_1.1 ;
    %end;
    .scope S_0x5561079481d0;
t_0 %join;
    %wait E_0x55610798abc0;
    %vpi_call/w 4 30 "$finish" {0 0 0};
    %end;
    .thread T_1;
    .scope S_0x5561079b4200;
T_2 ;
    %pushi/vec4 0, 0, 32;
    %store/vec4 v0x5561079b4b00_0, 0, 32;
    %pushi/vec4 0, 0, 32;
    %store/vec4 v0x5561079b46c0_0, 0, 32;
    %end;
    .thread T_2, $init;
    .scope S_0x5561079b4200;
T_3 ;
    %wait E_0x55610798a8e0;
    %load/vec4 v0x5561079b4b00_0;
    %addi 1, 0, 32;
    %cast2;
    %assign/vec4 v0x5561079b4b00_0, 0;
    %pushi/vec4 0, 0, 1;
    %assign/vec4 v0x5561079b4a60_0, 0;
    %load/vec4 v0x5561079b4b00_0;
    %cmpi/e 3333, 0, 32;
    %jmp/0xz  T_3.0, 4;
    %pushi/vec4 1, 0, 1;
    %assign/vec4 v0x5561079b4a60_0, 0;
    %pushi/vec4 0, 0, 32;
    %assign/vec4 v0x5561079b4b00_0, 0;
T_3.0 ;
    %jmp T_3;
    .thread T_3;
    .scope S_0x5561079b4200;
T_4 ;
    %wait E_0x55610798a520;
    %load/vec4 v0x5561079b48a0_0;
    %flag_set/vec4 8;
    %jmp/0xz  T_4.0, 8;
    %pushi/vec4 0, 0, 1;
    %assign/vec4 v0x5561079b4500_0, 0;
    %jmp T_4.1;
T_4.0 ;
    %load/vec4 v0x5561079b4500_0;
    %dup/vec4;
    %pushi/vec4 0, 0, 1;
    %cmp/u;
    %jmp/1 T_4.2, 6;
    %dup/vec4;
    %pushi/vec4 1, 0, 1;
    %cmp/u;
    %jmp/1 T_4.3, 6;
    %jmp T_4.4;
T_4.2 ;
    %load/vec4 v0x5561079b4990_0;
    %inv;
    %flag_set/vec4 8;
    %jmp/0xz  T_4.5, 8;
    %pushi/vec4 1, 0, 1;
    %assign/vec4 v0x5561079b4500_0, 0;
T_4.5 ;
    %jmp T_4.4;
T_4.3 ;
    %load/vec4 v0x5561079b4990_0;
    %ix/load 5, 0, 0;
    %ix/getv/s 4, v0x5561079b46c0_0;
    %assign/vec4/off/d v0x5561079b47b0_0, 4, 5;
    %load/vec4 v0x5561079b46c0_0;
    %addi 1, 0, 32;
    %cast2;
    %assign/vec4 v0x5561079b46c0_0, 0;
    %load/vec4 v0x5561079b46c0_0;
    %cmpi/e 8, 0, 32;
    %jmp/0xz  T_4.7, 4;
    %pushi/vec4 0, 0, 32;
    %assign/vec4 v0x5561079b46c0_0, 0;
    %pushi/vec4 0, 0, 1;
    %assign/vec4 v0x5561079b4500_0, 0;
T_4.7 ;
    %jmp T_4.4;
T_4.4 ;
    %pop/vec4 1;
T_4.1 ;
    %jmp T_4;
    .thread T_4;
    .scope S_0x556107983610;
T_5 ;
    %pushi/vec4 0, 0, 32;
    %store/vec4 v0x5561079b4d10_0, 0, 32;
    %end;
    .thread T_5, $init;
    .scope S_0x556107983610;
T_6 ;
    %wait E_0x55610798a8e0;
    %load/vec4 v0x5561079b4d10_0;
    %addi 1, 0, 32;
    %cast2;
    %assign/vec4 v0x5561079b4d10_0, 0;
    %pushi/vec4 0, 0, 1;
    %assign/vec4 v0x5561079b4c50_0, 0;
    %load/vec4 v0x5561079b4d10_0;
    %cmpi/e 3333, 0, 32;
    %jmp/0xz  T_6.0, 4;
    %pushi/vec4 1, 0, 1;
    %assign/vec4 v0x5561079b4c50_0, 0;
    %pushi/vec4 0, 0, 32;
    %assign/vec4 v0x5561079b4d10_0, 0;
T_6.0 ;
    %jmp T_6;
    .thread T_6;
    .scope S_0x556107983610;
T_7 ;
    %pushi/vec4 1, 0, 1;
    %store/vec4 v0x5561079b4fc0_0, 0, 1;
    %pushi/vec4 0, 0, 1;
    %store/vec4 v0x5561079b4dd0_0, 0, 1;
    %pushi/vec4 0, 0, 1;
    %assign/vec4 v0x5561079b4fc0_0, 1000;
    %pushi/vec4 3725290298, 0, 33;
    %concati/vec4 123994112, 0, 28;
T_7.0 %dup/vec4;
    %pushi/vec4 0, 0, 61;
    %cmp/s;
    %jmp/1xz T_7.1, 5;
    %jmp/1 T_7.1, 4;
    %pushi/vec4 1, 0, 61;
    %sub;
    %delay 5000, 0;
    %load/vec4 v0x5561079b4dd0_0;
    %inv;
    %store/vec4 v0x5561079b4dd0_0, 0, 1;
    %jmp T_7.0;
T_7.1 ;
    %pop/vec4 1;
    %end;
    .thread T_7;
# The file index is used to find the file name in the following table.
:file_names 6;
    "N/A";
    "<interactive>";
    "-";
    "top.sv";
    "./uart_reciever8tb.sv";
    "./uart_reciever8.sv";
